c:\users\alfonso\skydrive\universitat\2n semestre\metodologia de la programació\pràctiques\pràctica 4\granotagrafic\debug\vc120.pdb
c:\users\alfonso\skydrive\universitat\2n semestre\metodologia de la programació\pràctiques\pràctica 4\granotagrafic\debug\vc120.idb
c:\users\alfonso\skydrive\universitat\2n semestre\metodologia de la programació\pràctiques\pràctica 4\granotagrafic\debug\area.obj
c:\users\alfonso\skydrive\universitat\2n semestre\metodologia de la programació\pràctiques\pràctica 4\granotagrafic\debug\carril.obj
c:\users\alfonso\skydrive\universitat\2n semestre\metodologia de la programació\pràctiques\pràctica 4\granotagrafic\debug\cova.obj
c:\users\alfonso\skydrive\universitat\2n semestre\metodologia de la programació\pràctiques\pràctica 4\granotagrafic\debug\cronometre.obj
c:\users\alfonso\skydrive\universitat\2n semestre\metodologia de la programació\pràctiques\pràctica 4\granotagrafic\debug\gestioresultats.obj
c:\users\alfonso\skydrive\universitat\2n semestre\metodologia de la programació\pràctiques\pràctica 4\granotagrafic\debug\granota.obj
c:\users\alfonso\skydrive\universitat\2n semestre\metodologia de la programació\pràctiques\pràctica 4\granotagrafic\debug\joc.obj
c:\users\alfonso\skydrive\universitat\2n semestre\metodologia de la programació\pràctiques\pràctica 4\granotagrafic\debug\animaciones.obj
c:\users\alfonso\skydrive\universitat\2n semestre\metodologia de la programació\pràctiques\pràctica 4\granotagrafic\debug\debug.obj
c:\users\alfonso\skydrive\universitat\2n semestre\metodologia de la programació\pràctiques\pràctica 4\granotagrafic\debug\event.obj
c:\users\alfonso\skydrive\universitat\2n semestre\metodologia de la programació\pràctiques\pràctica 4\granotagrafic\debug\grafic.obj
c:\users\alfonso\skydrive\universitat\2n semestre\metodologia de la programació\pràctiques\pràctica 4\granotagrafic\debug\image_png.obj
c:\users\alfonso\skydrive\universitat\2n semestre\metodologia de la programació\pràctiques\pràctica 4\granotagrafic\debug\keyboard.obj
c:\users\alfonso\skydrive\universitat\2n semestre\metodologia de la programació\pràctiques\pràctica 4\granotagrafic\debug\mouse.obj
c:\users\alfonso\skydrive\universitat\2n semestre\metodologia de la programació\pràctiques\pràctica 4\granotagrafic\debug\sprites.obj
c:\users\alfonso\skydrive\universitat\2n semestre\metodologia de la programació\pràctiques\pràctica 4\granotagrafic\debug\video.obj
c:\users\alfonso\skydrive\universitat\2n semestre\metodologia de la programació\pràctiques\pràctica 4\granotagrafic\debug\menu.obj
c:\users\alfonso\skydrive\universitat\2n semestre\metodologia de la programació\pràctiques\pràctica 4\granotagrafic\debug\pantalla.obj
c:\users\alfonso\skydrive\universitat\2n semestre\metodologia de la programació\pràctiques\pràctica 4\granotagrafic\debug\principal.obj
c:\users\alfonso\skydrive\universitat\2n semestre\metodologia de la programació\pràctiques\pràctica 4\granotagrafic\debug\vehicle.obj
c:\users\alfonso\skydrive\universitat\2n semestre\metodologia de la programació\pràctiques\pràctica 4\granotagrafic\debug\sound.obj
c:\users\alfonso\skydrive\universitat\2n semestre\metodologia de la programació\pràctiques\pràctica 4\granotagrafic\debug\stb_vorbis.obj
c:\users\alfonso\skydrive\universitat\2n semestre\metodologia de la programació\pràctiques\pràctica 4\granotagrafic\program\granotagrafic.ilk
c:\users\alfonso\skydrive\universitat\2n semestre\metodologia de la programació\pràctiques\pràctica 4\granotagrafic\program\granotagrafic.exe
c:\users\alfonso\skydrive\universitat\2n semestre\metodologia de la programació\pràctiques\pràctica 4\granotagrafic\program\granotagrafic.pdb
c:\users\alfonso\skydrive\universitat\2n semestre\metodologia de la programació\pràctiques\pràctica 4\granotagrafic\\program\granotagrafic.pdb
c:\users\alfonso\skydrive\universitat\2n semestre\metodologia de la programació\pràctiques\pràctica 4\granotagrafic\\program\granotagrafic.exe
c:\users\alfonso\skydrive\universitat\2n semestre\metodologia de la programació\pràctiques\pràctica 4\granotagrafic\\program\granotagrafic.ilk
c:\users\alfonso\skydrive\universitat\2n semestre\metodologia de la programació\pràctiques\pràctica 4\granotagrafic\debug\granotagrafic.tlog\cl.command.1.tlog
c:\users\alfonso\skydrive\universitat\2n semestre\metodologia de la programació\pràctiques\pràctica 4\granotagrafic\debug\granotagrafic.tlog\cl.read.1.tlog
c:\users\alfonso\skydrive\universitat\2n semestre\metodologia de la programació\pràctiques\pràctica 4\granotagrafic\debug\granotagrafic.tlog\cl.write.1.tlog
c:\users\alfonso\skydrive\universitat\2n semestre\metodologia de la programació\pràctiques\pràctica 4\granotagrafic\debug\granotagrafic.tlog\link.command.1.tlog
c:\users\alfonso\skydrive\universitat\2n semestre\metodologia de la programació\pràctiques\pràctica 4\granotagrafic\debug\granotagrafic.tlog\link.read.1.tlog
c:\users\alfonso\skydrive\universitat\2n semestre\metodologia de la programació\pràctiques\pràctica 4\granotagrafic\debug\granotagrafic.tlog\link.write.1.tlog
