Compilación iniciada a las 05/06/2015 12:47:09.
     1>Proyecto "C:\Users\Josep\OneDrive\Universitat\1r Curs\Metodologia de la Programació\Pràctiques\GranotaGrafic\GranotaGrafic.vcxproj" en el nodo 2 (Build destinos).
     1>C:\Program Files (x86)\MSBuild\Microsoft.Cpp\v4.0\V120\Microsoft.CppBuild.targets(364,5): warning MSB8004: Output Directory does not end with a trailing slash.  This build instance will add the slash as it is required to allow proper evaluation of the Output Directory.
     1>ClCompile:
         C:\Program Files (x86)\Microsoft Visual Studio 12.0\VC\bin\CL.exe /c /ZI /nologo /W3 /WX- /Od /Oy- /D WIN32 /D _DEBUG /D _CONSOLE /D _UNICODE /D UNICODE /Gm /EHsc /RTC1 /MDd /GS /fp:precise /Zc:wchar_t /Zc:forScope /Fo"Debug\\" /Fd"Debug\vc120.pdb" /Gd /TP /analyze- /errorReport:prompt Pantalla.cpp
         Pantalla.cpp
       Link:
         C:\Program Files (x86)\Microsoft Visual Studio 12.0\VC\bin\link.exe /ERRORREPORT:PROMPT /OUT:"C:\Users\Josep\OneDrive\Universitat\1r Curs\Metodologia de la Programació\Pràctiques\GranotaGrafic\\Program\GranotaGrafic.exe" /INCREMENTAL /NOLOGO freetype.lib libpng.lib SDL2.lib SDL2main.lib zlib.lib kernel32.lib user32.lib gdi32.lib winspool.lib comdlg32.lib advapi32.lib shell32.lib ole32.lib oleaut32.lib uuid.lib odbc32.lib odbccp32.lib /MANIFEST /MANIFESTUAC:"level='asInvoker' uiAccess='false'" /manifest:embed /DEBUG /PDB:"C:\Users\Josep\OneDrive\Universitat\1r Curs\Metodologia de la Programació\Pràctiques\GranotaGrafic\\Program\GranotaGrafic.pdb" /SUBSYSTEM:CONSOLE /TLBID:1 /DYNAMICBASE /NXCOMPAT /IMPLIB:"C:\Users\Josep\OneDrive\Universitat\1r Curs\Metodologia de la Programació\Pràctiques\GranotaGrafic\\Program\GranotaGrafic.lib" /MACHINE:X86 Debug\Area.obj
         Debug\Carril.obj
         Debug\Cova.obj
         Debug\Cronometre.obj
         Debug\Cua.obj
         Debug\GestioResultats.obj
         Debug\Granota.obj
         Debug\Iterador.obj
         Debug\Joc.obj
         Debug\animaciones.obj
         Debug\debug.obj
         Debug\event.obj
         Debug\Grafic.obj
         Debug\image_png.obj
         Debug\keyboard.obj
         Debug\mouse.obj
         Debug\sound.obj
         Debug\sprites.obj
         Debug\stb_vorbis.obj
         Debug\video.obj
         Debug\Menu.obj
         Debug\Node.obj
         Debug\Obstacle.obj
         Debug\Pantalla.obj
         Debug\Principal.obj
         Debug\Vehicle.obj
         GranotaGrafic.vcxproj -> C:\Users\Josep\OneDrive\Universitat\1r Curs\Metodologia de la Programació\Pràctiques\GranotaGrafic\\Program\GranotaGrafic.exe
     1>Compilación del proyecto terminada "C:\Users\Josep\OneDrive\Universitat\1r Curs\Metodologia de la Programació\Pràctiques\GranotaGrafic\GranotaGrafic.vcxproj" (Build destinos).

Compilación correcta.

Tiempo transcurrido 00:00:03.64
